<?xml version="1.0" encoding="UTF-8"?>
<!-- Generated by org.testng.reporters.JUnitXMLReporter -->
<testsuite ignored="2" hostname="EPINPUNW011C" failures="1" tests="5" name="Test" time="11.014" errors="0" timestamp="2023-06-15T16:07:07 IST">
  <testcase classname="com.learning.selenium.TestCaseOne" name="methodOne" time="2.454">
    <failure type="junit.framework.ComparisonFailure" message="expected:&amp;lt;[Sign Up | LinkedIn]&amp;gt; but was:&amp;lt;[ABC]&amp;gt;">
      <![CDATA[junit.framework.ComparisonFailure: expected:<[Sign Up | LinkedIn]> but was:<[ABC]>
at junit.framework.Assert.assertEquals(Assert.java:100)
at junit.framework.Assert.assertEquals(Assert.java:107)
at com.learning.selenium.TestCaseOne.methodOne(TestCaseOne.java:32)
at java.base/java.util.ArrayList.forEach(ArrayList.java:1511)
... Removed 27 stack frames]]>
    </failure>
  </testcase> <!-- methodOne -->
  <testcase classname="com.learning.selenium.TestCaseOne" name="methodTwo" time="3.922"/>
  <testcase classname="com.learning.selenium.TestCaseTwo" name="homepage" time="0.002"/>
  <testcase classname="com.learning.selenium.TestCaseTwo" name="login" time="1.598"/>
  <testcase classname="com.learning.selenium.TestCaseTwo" name="profilePage" time="0.001"/>
  <testcase classname="Base.NewBase" name="@BeforeTest startReport" time="0.0">
    <ignored/>
  </testcase> <!-- @BeforeTest startReport -->
  <testcase classname="Base.NewBase" name="@AfterTest tearDown" time="0.0">
    <ignored/>
  </testcase> <!-- @AfterTest tearDown -->
</testsuite> <!-- Test -->
