<?xml version="1.0" encoding="UTF-8"?>
<!-- Generated by org.testng.reporters.JUnitXMLReporter -->
<testsuite ignored="0" hostname="Agam-PC" failures="0" tests="3" name="Test" time="40.729" errors="0" timestamp="2023-02-13T23:30:50 IST">
  <testcase classname="Paralleltesting.ClassOne" name="OneMethod" time="10.651">
    <skipped/>
  </testcase> <!-- OneMethod -->
  <testcase classname="Paralleltesting.ClassOne" name="OneMethod" time="10.124">
    <skipped/>
  </testcase> <!-- OneMethod -->
  <testcase classname="Paralleltesting.ClassOne" name="OneMethod" time="9.998">
    <skipped/>
  </testcase> <!-- OneMethod -->
</testsuite> <!-- Test -->
