<?xml version="1.0" encoding="UTF-8"?>
<!-- Generated by org.testng.reporters.JUnitXMLReporter -->
<testsuite ignored="0" hostname="Agam-PC" failures="0" tests="3" name="TestOne" time="29.579" errors="0" timestamp="2023-01-22T19:47:58 IST">
  <testcase classname="Paralleltesting.ClassOne" name="OneMethod" time="13.729"/>
  <testcase classname="Paralleltesting.ClassOne" name="ThreeMethod" time="0.007"/>
  <testcase classname="Paralleltesting.ClassOne" name="TwoMethod" time="15.778"/>
</testsuite> <!-- TestOne -->
