<?xml version="1.0" encoding="UTF-8"?>
<testng-results ignored="0" total="1" passed="1" failed="0" skipped="0">
  <reporter-output>
  </reporter-output>
  <suite started-at="2023-05-23T18:36:33 IST" name="Default suite" finished-at="2023-05-23T18:36:35 IST" duration-ms="1221">
    <groups>
    </groups>
    <test started-at="2023-05-23T18:36:33 IST" name="Default test" finished-at="2023-05-23T18:36:35 IST" duration-ms="1221">
      <class name="APITC.TraverseTheJSON">
        <test-method signature="traverseTheJSON()[pri:0, instance:APITC.TraverseTheJSON@8f4ea7c]" started-at="2023-05-23T18:36:33 IST" name="traverseTheJSON" finished-at="2023-05-23T18:36:35 IST" duration-ms="1186" status="PASS">
          <reporter-output>
          </reporter-output>
        </test-method> <!-- traverseTheJSON -->
      </class> <!-- APITC.TraverseTheJSON -->
    </test> <!-- Default test -->
  </suite> <!-- Default suite -->
</testng-results>
